---------------------------------------------------------------------------------------------------------------------
      name:  ovtest
       log:  C:\Users\Fernando\Documents\GitHub\homework-template\homework.log
  log type:  text
 opened on:   5 Sep 2023, 14:00:25

. estat ovtest

Ramsey RESET test for omitted variables
Omitted: Powers of fitted values of lnwage

H0: Model has no omitted variables

F(3, 1425) =  25.55
  Prob > F = 0.0000

. log close ovtest
      name:  ovtest
       log:  C:\Users\Fernando\Documents\GitHub\homework-template\homework.log
  log type:  text
 closed on:   5 Sep 2023, 14:00:25
---------------------------------------------------------------------------------------------------------------------
---------------------------------------------------------------------------------------------------------------------
      name:  hettest
       log:  C:\Users\Fernando\Documents\GitHub\homework-template\homework.log
  log type:  text
 opened on:   5 Sep 2023, 14:00:25

. estat hettest

Breusch–Pagan/Cook–Weisberg test for heteroskedasticity 
Assumption: Normal error terms
Variable: Fitted values of lnwage

H0: Constant variance

    chi2(1) =  54.58
Prob > chi2 = 0.0000

. log close hettest
      name:  hettest
       log:  C:\Users\Fernando\Documents\GitHub\homework-template\homework.log
  log type:  text
 closed on:   5 Sep 2023, 14:00:25
---------------------------------------------------------------------------------------------------------------------
